<?xml version="1.0" encoding="UTF-8"?>
<!-- Generated by org.testng.reporters.JUnitXMLReporter -->
<testsuite hostname="ANUsPC" ignored="6" name="Test" tests="1" failures="0" timestamp="30 Oct 2021 03:36:29 GMT" time="0.068" errors="0">
  <testcase name="method3" time="0.015" classname="wrapper.Testng_Concepts"/>
  <testcase name="cmethod5" time="0.0" classname="wrapper.Testng_Concepts">
    <ignored/>
  </testcase> <!-- cmethod5 -->
  <testcase name="bmethod6" time="0.0" classname="wrapper.Testng_Concepts">
    <ignored/>
  </testcase> <!-- bmethod6 -->
  <testcase name="amethod7" time="0.0" classname="wrapper.Testng_Concepts">
    <ignored/>
  </testcase> <!-- amethod7 -->
  <testcase name="dmethod4" time="0.0" classname="wrapper.Testng_Concepts">
    <ignored/>
  </testcase> <!-- dmethod4 -->
  <testcase name="method1" time="0.0" classname="wrapper.Testng_Concepts">
    <ignored/>
  </testcase> <!-- method1 -->
  <testcase name="method2" time="0.0" classname="wrapper.Testng_Concepts">
    <ignored/>
  </testcase> <!-- method2 -->
</testsuite> <!-- Test -->
