<?xml version="1.0" encoding="UTF-8"?>
<testng-results skipped="0" failed="0" ignored="0" total="2" passed="2">
  <reporter-output>
  </reporter-output>
  <suite name="Default suite" duration-ms="184465" started-at="2021-11-02T08:50:45Z" finished-at="2021-11-02T08:53:49Z">
    <groups>
    </groups>
    <test name="Default test" duration-ms="184465" started-at="2021-11-02T08:50:45Z" finished-at="2021-11-02T08:53:49Z">
      <class name="testcases.TC002">
        <test-method status="PASS" signature="beforeMentiod()[pri:0, instance:testcases.TC002@5025a98f]" name="beforeMentiod" is-config="true" duration-ms="58761" started-at="2021-11-02T14:20:46Z" finished-at="2021-11-02T14:21:45Z">
          <reporter-output>
          </reporter-output>
        </test-method> <!-- beforeMentiod -->
        <test-method status="PASS" signature="IRCTC_Accommodations(java.lang.String, java.lang.String, java.lang.String, java.lang.String, java.lang.String, java.lang.String, java.lang.String, java.lang.String, java.lang.String, java.lang.String, java.lang.String, java.lang.String, java.lang.String, java.lang.String, java.lang.String, java.lang.String, java.lang.String)[pri:0, instance:testcases.TC002@5025a98f]" name="IRCTC_Accommodations" duration-ms="43898" started-at="2021-11-02T14:21:45Z" data-provider="TC002" finished-at="2021-11-02T14:22:29Z">
          <params>
            <param index="0">
              <value>
                <![CDATA[2]]>
              </value>
            </param>
            <param index="1">
              <value>
                <![CDATA[IRCTC Executive Lounge Varanasi]]>
              </value>
            </param>
            <param index="2">
              <value>
                <![CDATA[2]]>
              </value>
            </param>
            <param index="3">
              <value>
                <![CDATA[11:00]]>
              </value>
            </param>
            <param index="4">
              <value>
                <![CDATA[06:00]]>
              </value>
            </param>
            <param index="5">
              <value>
                <![CDATA[abc@gmail.com]]>
              </value>
            </param>
            <param index="6">
              <value>
                <![CDATA[9034567890]]>
              </value>
            </param>
            <param index="7">
              <value>
                <![CDATA[kumar]]>
              </value>
            </param>
            <param index="8">
              <value>
                <![CDATA[26]]>
              </value>
            </param>
            <param index="9">
              <value>
                <![CDATA[Male]]>
              </value>
            </param>
            <param index="10">
              <value>
                <![CDATA[swathi]]>
              </value>
            </param>
            <param index="11">
              <value>
                <![CDATA[27]]>
              </value>
            </param>
            <param index="12">
              <value>
                <![CDATA[Female]]>
              </value>
            </param>
            <param index="13">
              <value>
                <![CDATA[swetha]]>
              </value>
            </param>
            <param index="14">
              <value>
                <![CDATA[24]]>
              </value>
            </param>
            <param index="15">
              <value>
                <![CDATA[Female]]>
              </value>
            </param>
            <param index="16">
              <value>
                <![CDATA[ANDHRA PRADESH]]>
              </value>
            </param>
          </params>
          <reporter-output>
          </reporter-output>
        </test-method> <!-- IRCTC_Accommodations -->
        <test-method status="PASS" signature="beforeMentiod()[pri:0, instance:testcases.TC002@5025a98f]" name="beforeMentiod" is-config="true" duration-ms="41378" started-at="2021-11-02T14:22:29Z" finished-at="2021-11-02T14:23:10Z">
          <reporter-output>
          </reporter-output>
        </test-method> <!-- beforeMentiod -->
        <test-method status="PASS" signature="IRCTC_Accommodations(java.lang.String, java.lang.String, java.lang.String, java.lang.String, java.lang.String, java.lang.String, java.lang.String, java.lang.String, java.lang.String, java.lang.String, java.lang.String, java.lang.String, java.lang.String, java.lang.String, java.lang.String, java.lang.String, java.lang.String)[pri:0, instance:testcases.TC002@5025a98f]" name="IRCTC_Accommodations" duration-ms="39082" started-at="2021-11-02T14:23:10Z" data-provider="TC002" finished-at="2021-11-02T14:23:49Z">
          <params>
            <param index="0">
              <value>
                <![CDATA[2]]>
              </value>
            </param>
            <param index="1">
              <value>
                <![CDATA[IRCTC Executive Lounge Varanasi]]>
              </value>
            </param>
            <param index="2">
              <value>
                <![CDATA[2]]>
              </value>
            </param>
            <param index="3">
              <value>
                <![CDATA[11:00]]>
              </value>
            </param>
            <param index="4">
              <value>
                <![CDATA[06:00]]>
              </value>
            </param>
            <param index="5">
              <value>
                <![CDATA[bcd@gmail.com]]>
              </value>
            </param>
            <param index="6">
              <value>
                <![CDATA[9345678901]]>
              </value>
            </param>
            <param index="7">
              <value>
                <![CDATA[kumar1]]>
              </value>
            </param>
            <param index="8">
              <value>
                <![CDATA[25]]>
              </value>
            </param>
            <param index="9">
              <value>
                <![CDATA[Male]]>
              </value>
            </param>
            <param index="10">
              <value>
                <![CDATA[swathi1]]>
              </value>
            </param>
            <param index="11">
              <value>
                <![CDATA[26]]>
              </value>
            </param>
            <param index="12">
              <value>
                <![CDATA[Female]]>
              </value>
            </param>
            <param index="13">
              <value>
                <![CDATA[swetha1]]>
              </value>
            </param>
            <param index="14">
              <value>
                <![CDATA[28]]>
              </value>
            </param>
            <param index="15">
              <value>
                <![CDATA[Female]]>
              </value>
            </param>
            <param index="16">
              <value>
                <![CDATA[ANDHRA PRADESH]]>
              </value>
            </param>
          </params>
          <reporter-output>
          </reporter-output>
        </test-method> <!-- IRCTC_Accommodations -->
      </class> <!-- testcases.TC002 -->
    </test> <!-- Default test -->
  </suite> <!-- Default suite -->
</testng-results>
